  World.cpp
E:\My Projects\Snake-SFML\src\World.cpp(9,40): warning C4244: 'argument': conversion from 'int' to 'float', possible loss of data
E:\My Projects\Snake-SFML\src\World.cpp(14,68): warning C4244: 'argument': conversion from 'const int' to 'T', possible loss of data
          with
          [
              T=float
          ]
E:\My Projects\Snake-SFML\src\World.cpp(14,64): warning C4244: 'argument': conversion from 'T' to 'T', possible loss of data
          with
          [
              T=unsigned int
          ]
          and
          [
              T=float
          ]
E:\My Projects\Snake-SFML\src\World.cpp(15,63): warning C4244: 'argument': conversion from 'const int' to 'T', possible loss of data
          with
          [
              T=float
          ]
E:\My Projects\Snake-SFML\src\World.cpp(15,59): warning C4244: 'argument': conversion from 'T' to 'T', possible loss of data
          with
          [
              T=unsigned int
          ]
          and
          [
              T=float
          ]
E:\My Projects\Snake-SFML\src\World.cpp(18,77): warning C4244: 'argument': conversion from 'T' to 'T', possible loss of data
          with
          [
              T=unsigned int
          ]
          and
          [
              T=float
          ]
E:\My Projects\Snake-SFML\src\World.cpp(18,52): warning C4244: 'argument': conversion from 'const int' to 'T', possible loss of data
          with
          [
              T=float
          ]
E:\My Projects\Snake-SFML\src\World.cpp(19,71): warning C4244: 'argument': conversion from 'T' to 'T', possible loss of data
          with
          [
              T=unsigned int
          ]
          and
          [
              T=float
          ]
E:\My Projects\Snake-SFML\src\World.cpp(19,47): warning C4244: 'argument': conversion from 'const int' to 'T', possible loss of data
          with
          [
              T=float
          ]
E:\My Projects\Snake-SFML\src\World.cpp(43,63): warning C4244: 'argument': conversion from 'int' to 'float', possible loss of data
E:\My Projects\Snake-SFML\src\World.cpp(43,39): warning C4244: 'argument': conversion from 'int' to 'float', possible loss of data
  SnakeGame-SFML.vcxproj -> E:\My Projects\Snake-SFML\x64\Debug\SnakeGame-SFML.exe
